#
# A fatal error has been detected by the Java Runtime Environment:
#
#  SIGSEGV (0xb) at pc=0x000000010644c594, pid=70404, tid=0x0000000000004b03
#
# JRE version: Java(TM) SE Runtime Environment (8.0_101-b13) (build 1.8.0_101-b13)
# Java VM: Java HotSpot(TM) 64-Bit Server VM (25.101-b13 mixed mode bsd-amd64 compressed oops)
# Problematic frame:
# V  [libjvm.dylib+0x44c594]
#
# Failed to write core dump. Core dumps have been disabled. To enable core dumping, try "ulimit -c unlimited" before starting Java again
#
# If you would like to submit a bug report, please visit:
#   http://bugreport.java.com/bugreport/crash.jsp
#

---------------  T H R E A D  ---------------

Current thread (0x00007fc49205e000):  JavaThread "JDWP Transport Listener: dt_socket" daemon [_thread_in_vm, id=19203, stack(0x000070000b2c7000,0x000070000b3c7000)]

siginfo: si_signo: 11 (SIGSEGV), si_code: 0 (unknown), si_addr: 0x0000000000000000

Registers:
RAX=0x0000000000000001, RBX=0x000070000b3c6a8b, RCX=0x000000010681f360, RDX=0x000070000b3c6a8b
RSP=0x000070000b3c69d0, RBP=0x000070000b3c69e0, RSI=0x00007fc49205e000, RDI=0x0004000000000000
R8 =0x0000000000000001, R9 =0x00007fc490f34080, R10=0x0000000000000001, R11=0x0000000000000002
R12=0x00007fc49205e000, R13=0x0004000000000000, R14=0x0004000000000000, R15=0x00007fc490e02950
RIP=0x000000010644c594, EFLAGS=0x0000000000010206, ERR=0x0000000000000000
  TRAPNO=0x000000000000000d

Top of Stack: (sp=0x000070000b3c69d0)
0x000070000b3c69d0:   000070000b3c6a8b 000070000b3c6a8b
0x000070000b3c69e0:   000070000b3c6a40 00000001063580d2
0x000070000b3c69f0:   00007fc49205e000 0000000000000000
0x000070000b3c6a00:   0000000000000000 0000000000000000
0x000070000b3c6a10:   00007fc49205e000 00007fc49205e000
0x000070000b3c6a20:   000070000b3c6a8b 000070000b3c6a90
0x000070000b3c6a30:   0004000000000000 0000000000000007
0x000070000b3c6a40:   000070000b3c6a60 0000000104f82780
0x000070000b3c6a50:   0000000000000001 000070000b3c6b08
0x000070000b3c6a60:   000070000b3c6ad0 0000000104f671f3
0x000070000b3c6a70:   000070000b3c6aa0 00007fc490f355f0
0x000070000b3c6a80:   0000000800000032 f000100a013c6b08
0x000070000b3c6a90:   0000000000000000 0000000000000000
0x000070000b3c6aa0:   0000000000000000 000070000b3c6c90
0x000070000b3c6ab0:   0000000104f89e7a 00007fc490f33f80
0x000070000b3c6ac0:   000070000b3c6b08 0000000104f95598
0x000070000b3c6ad0:   000070000b3c6ae0 0000000104f672ec
0x000070000b3c6ae0:   000070000b3c6d00 0000000104f70898
0x000070000b3c6af0:   0000290800000013 00000000000f0200
0x000070000b3c6b00:   00007fc490f34780 00007fc490f35d57
0x000070000b3c6b10:   00007fc400000111 00007fc490f1bbc0
0x000070000b3c6b20:   00007fc40000012c 000070000b3c6b58
0x000070000b3c6b30:   00007fc490f1bbc0 0000000000000000
0x000070000b3c6b40:   000029080000000f 00007fc400003f80
0x000070000b3c6b50:   000070000b3c6b58 c47f000008000000
0x000070000b3c6b60:   06000000e896d290 00003e74696e693c
0x000070000b3c6b70:   0000005629280300 7f00000100000000
0x000070000b3c6b80:   000000a023f390c4 246164626d616c15
0x000070000b3c6b90:   65746172656e6567 0000332474786554
0x000070000b3c6ba0:   6176616a4c283800 74532f676e616c2f
0x000070000b3c6bb0:   616a4c3b676e6972 2f676e616c2f6176
0x000070000b3c6bc0:   293b676e69727453 616c2f6176616a4c 

Instructions: (pc=0x000000010644c594)
0x000000010644c574:   40 48 48 85 c0 75 e0 30 c0 0f b6 c0 5d c3 31 c0
0x000000010644c584:   5d c3 55 48 89 e5 53 48 83 ec 08 48 85 ff 74 24
0x000000010644c594:   48 8b 1f 48 85 db 74 1c 48 83 fb 37 74 16 48 8b
0x000000010644c5a4:   03 48 89 df ff 50 10 84 c0 b8 00 00 00 00 48 0f 

Register to memory mapping:

RAX=0x0000000000000001 is an unknown value
RBX=0x000070000b3c6a8b is pointing into the stack for thread: 0x00007fc49205e000
RCX=0x000000010681f360: UseMembar+0 in /Library/Java/JavaVirtualMachines/jdk1.8.0_101.jdk/Contents/Home/jre/lib/server/libjvm.dylib at 0x0000000106000000
RDX=0x000070000b3c6a8b is pointing into the stack for thread: 0x00007fc49205e000
RSP=0x000070000b3c69d0 is pointing into the stack for thread: 0x00007fc49205e000
RBP=0x000070000b3c69e0 is pointing into the stack for thread: 0x00007fc49205e000
RSI=0x00007fc49205e000 is a thread
RDI=0x0004000000000000 is an unknown value
R8 =0x0000000000000001 is an unknown value
R9 =0x00007fc490f34080 is an unknown value
R10=0x0000000000000001 is an unknown value
R11=0x0000000000000002 is an unknown value
R12=0x00007fc49205e000 is a thread
R13=0x0004000000000000 is an unknown value
R14=0x0004000000000000 is an unknown value
R15=0x00007fc490e02950 is an unknown value


Stack: [0x000070000b2c7000,0x000070000b3c7000],  sp=0x000070000b3c69d0,  free space=1022k
Native frames: (J=compiled Java code, j=interpreted, Vv=VM code, C=native code)
V  [libjvm.dylib+0x44c594]
V  [libjvm.dylib+0x3580d2]
C  [libjdwp.dylib+0x20780]  isMethodSynthetic+0x63
C  [libjdwp.dylib+0x51f3]  methods1+0x10b
C  [libjdwp.dylib+0x52ec]  methodsWithGeneric+0xe
C  [libjdwp.dylib+0xe898]  debugLoop_run+0x1ce
C  [libjdwp.dylib+0x1f6ba]  attachThread+0x4d
V  [libjvm.dylib+0x399438]
V  [libjvm.dylib+0x5695ab]
V  [libjvm.dylib+0x56ac98]
V  [libjvm.dylib+0x48933a]
C  [libsystem_pthread.dylib+0x3aab]  _pthread_body+0xb4
C  [libsystem_pthread.dylib+0x39f7]  _pthread_body+0x0
C  [libsystem_pthread.dylib+0x31fd]  thread_start+0xd
C  0x0000000000000000


---------------  P R O C E S S  ---------------

Java Threads: ( => current thread )
  0x00007fc492805000 JavaThread "Service Thread" daemon [_thread_blocked, id=22787, stack(0x000070000b9dc000,0x000070000badc000)]
  0x00007fc491036000 JavaThread "C1 CompilerThread3" daemon [_thread_blocked, id=22275, stack(0x000070000b8d9000,0x000070000b9d9000)]
  0x00007fc49102c000 JavaThread "C2 CompilerThread2" daemon [_thread_blocked, id=21763, stack(0x000070000b7d6000,0x000070000b8d6000)]
  0x00007fc49102b800 JavaThread "C2 CompilerThread1" daemon [_thread_blocked, id=21251, stack(0x000070000b6d3000,0x000070000b7d3000)]
  0x00007fc49102a000 JavaThread "C2 CompilerThread0" daemon [_thread_blocked, id=20739, stack(0x000070000b5d0000,0x000070000b6d0000)]
  0x00007fc491835800 JavaThread "JDWP Command Reader" daemon [_thread_in_native, id=20227, stack(0x000070000b4cd000,0x000070000b5cd000)]
  0x00007fc49205e800 JavaThread "JDWP Event Helper Thread" daemon [_thread_blocked, id=19715, stack(0x000070000b3ca000,0x000070000b4ca000)]
=>0x00007fc49205e000 JavaThread "JDWP Transport Listener: dt_socket" daemon [_thread_in_vm, id=19203, stack(0x000070000b2c7000,0x000070000b3c7000)]
  0x00007fc49100f800 JavaThread "Signal Dispatcher" daemon [_thread_blocked, id=18691, stack(0x000070000b1c4000,0x000070000b2c4000)]
  0x00007fc49182e800 JavaThread "Finalizer" daemon [_thread_blocked, id=14595, stack(0x000070000b0c1000,0x000070000b1c1000)]
  0x00007fc491006000 JavaThread "Reference Handler" daemon [_thread_blocked, id=14083, stack(0x000070000afbe000,0x000070000b0be000)]
  0x00007fc49201f800 JavaThread "main" [_thread_blocked, id=7171, stack(0x000070000a5a0000,0x000070000a6a0000)]

Other Threads:
  0x00007fc492057000 VMThread [stack: 0x000070000aebb000,0x000070000afbb000] [id=13571]
  0x00007fc494800000 WatcherThread [stack: 0x000070000badf000,0x000070000bbdf000] [id=23299]

VM state:not at safepoint (normal execution)

VM Mutex/Monitor currently owned by a thread: None

Heap:
 PSYoungGen      total 141824K, used 66028K [0x000000076ab00000, 0x0000000777600000, 0x00000007c0000000)
  eden space 131072K, 50% used [0x000000076ab00000,0x000000076eb7b288,0x0000000772b00000)
  from space 10752K, 0% used [0x0000000772b00000,0x0000000772b00000,0x0000000773580000)
  to   space 10752K, 0% used [0x0000000776b80000,0x0000000776b80000,0x0000000777600000)
 ParOldGen       total 570880K, used 252816K [0x00000006c0000000, 0x00000006e2d80000, 0x000000076ab00000)
  object space 570880K, 44% used [0x00000006c0000000,0x00000006cf6e4308,0x00000006e2d80000)
 Metaspace       used 6335K, capacity 6502K, committed 6656K, reserved 1056768K
  class space    used 692K, capacity 767K, committed 768K, reserved 1048576K

Card table byte_map: [0x000000010735d000,0x0000000107b5e000] byte_map_base: 0x0000000103d5d000

Marking Bits: (ParMarkBitMap*) 0x00000001068edd20
 Begin Bits: [0x000000011a1e8000, 0x000000011e1e8000)
 End Bits:   [0x000000011e1e8000, 0x00000001221e8000)

Polling page: 0x0000000104f61000

CodeCache: size=245760Kb used=1954Kb max_used=1954Kb free=243805Kb
 bounds [0x000000010b1e8000, 0x000000010b458000, 0x000000011a1e8000]
 total_blobs=701 nmethods=408 adapters=215
 compilation: enabled

Compilation events (10 events):
Event: 4.486 Thread 0x00007fc491036000  404       1       java.lang.invoke.MethodTypeForm::basicType (5 bytes)
Event: 4.486 Thread 0x00007fc491036000 nmethod 404 0x000000010b3cf6d0 code [0x000000010b3cf820, 0x000000010b3cf930]
Event: 4.486 Thread 0x00007fc491036000  406       3       sun.invoke.util.Wrapper::forBasicType (16 bytes)
Event: 4.486 Thread 0x00007fc491036000 nmethod 406 0x000000010b3cf1d0 code [0x000000010b3cf360, 0x000000010b3cf5d8]
Event: 4.487 Thread 0x00007fc491036000  407       3       sun.invoke.util.BytecodeDescriptor::unparseSig (75 bytes)
Event: 4.488 Thread 0x00007fc491036000 nmethod 407 0x000000010b3cfb50 code [0x000000010b3cfdc0, 0x000000010b3d0fa8]
Event: 4.488 Thread 0x00007fc491036000  408       3       java.lang.ref.SoftReference::<init> (13 bytes)
Event: 4.488 Thread 0x00007fc491036000 nmethod 408 0x000000010b3cea50 code [0x000000010b3cebc0, 0x000000010b3ceeb0]
Event: 4.489 Thread 0x00007fc491036000  409       3       java.lang.Character::valueOf (21 bytes)
Event: 4.489 Thread 0x00007fc491036000 nmethod 409 0x000000010b3ce4d0 code [0x000000010b3ce640, 0x000000010b3ce8f0]

GC Heap History (10 events):
Event: 0.289 GC heap before
{Heap before GC invocations=1 (full 0):
 PSYoungGen      total 76288K, used 65536K [0x000000076ab00000, 0x0000000770000000, 0x00000007c0000000)
  eden space 65536K, 100% used [0x000000076ab00000,0x000000076eb00000,0x000000076eb00000)
  from space 10752K, 0% used [0x000000076f580000,0x000000076f580000,0x0000000770000000)
  to   space 10752K, 0% used [0x000000076eb00000,0x000000076eb00000,0x000000076f580000)
 ParOldGen       total 175104K, used 0K [0x00000006c0000000, 0x00000006cab00000, 0x000000076ab00000)
  object space 175104K, 0% used [0x00000006c0000000,0x00000006c0000000,0x00000006cab00000)
 Metaspace       used 5150K, capacity 5332K, committed 5504K, reserved 1056768K
  class space    used 549K, capacity 592K, committed 640K, reserved 1048576K
Event: 0.366 GC heap after
Heap after GC invocations=1 (full 0):
 PSYoungGen      total 76288K, used 10736K [0x000000076ab00000, 0x0000000774000000, 0x00000007c0000000)
  eden space 65536K, 0% used [0x000000076ab00000,0x000000076ab00000,0x000000076eb00000)
  from space 10752K, 99% used [0x000000076eb00000,0x000000076f57c010,0x000000076f580000)
  to   space 10752K, 0% used [0x0000000773580000,0x0000000773580000,0x0000000774000000)
 ParOldGen       total 175104K, used 48758K [0x00000006c0000000, 0x00000006cab00000, 0x000000076ab00000)
  object space 175104K, 27% used [0x00000006c0000000,0x00000006c2f9d968,0x00000006cab00000)
 Metaspace       used 5150K, capacity 5332K, committed 5504K, reserved 1056768K
  class space    used 549K, capacity 592K, committed 640K, reserved 1048576K
}
Event: 0.410 GC heap before
{Heap before GC invocations=2 (full 0):
 PSYoungGen      total 76288K, used 76272K [0x000000076ab00000, 0x0000000774000000, 0x00000007c0000000)
  eden space 65536K, 100% used [0x000000076ab00000,0x000000076eb00000,0x000000076eb00000)
  from space 10752K, 99% used [0x000000076eb00000,0x000000076f57c010,0x000000076f580000)
  to   space 10752K, 0% used [0x0000000773580000,0x0000000773580000,0x0000000774000000)
 ParOldGen       total 175104K, used 48758K [0x00000006c0000000, 0x00000006cab00000, 0x000000076ab00000)
  object space 175104K, 27% used [0x00000006c0000000,0x00000006c2f9d968,0x00000006cab00000)
 Metaspace       used 5173K, capacity 5332K, committed 5504K, reserved 1056768K
  class space    used 550K, capacity 592K, committed 640K, reserved 1048576K
Event: 0.694 GC heap after
Heap after GC invocations=2 (full 0):
 PSYoungGen      total 141824K, used 10736K [0x000000076ab00000, 0x0000000774000000, 0x00000007c0000000)
  eden space 131072K, 0% used [0x000000076ab00000,0x000000076ab00000,0x0000000772b00000)
  from space 10752K, 99% used [0x0000000773580000,0x0000000773ffc010,0x0000000774000000)
  to   space 10752K, 0% used [0x0000000772b00000,0x0000000772b00000,0x0000000773580000)
 ParOldGen       total 175104K, used 114409K [0x00000006c0000000, 0x00000006cab00000, 0x000000076ab00000)
  object space 175104K, 65% used [0x00000006c0000000,0x00000006c6fba678,0x00000006cab00000)
 Metaspace       used 5173K, capacity 5332K, committed 5504K, reserved 1056768K
  class space    used 550K, capacity 592K, committed 640K, reserved 1048576K
}
Event: 0.694 GC heap before
{Heap before GC invocations=3 (full 1):
 PSYoungGen      total 141824K, used 10736K [0x000000076ab00000, 0x0000000774000000, 0x00000007c0000000)
  eden space 131072K, 0% used [0x000000076ab00000,0x000000076ab00000,0x0000000772b00000)
  from space 10752K, 99% used [0x0000000773580000,0x0000000773ffc010,0x0000000774000000)
  to   space 10752K, 0% used [0x0000000772b00000,0x0000000772b00000,0x0000000773580000)
 ParOldGen       total 175104K, used 114409K [0x00000006c0000000, 0x00000006cab00000, 0x000000076ab00000)
  object space 175104K, 65% used [0x00000006c0000000,0x00000006c6fba678,0x00000006cab00000)
 Metaspace       used 5173K, capacity 5332K, committed 5504K, reserved 1056768K
  class space    used 550K, capacity 592K, committed 640K, reserved 1048576K
Event: 2.277 GC heap after
Heap after GC invocations=3 (full 1):
 PSYoungGen      total 141824K, used 0K [0x000000076ab00000, 0x0000000774000000, 0x00000007c0000000)
  eden space 131072K, 0% used [0x000000076ab00000,0x000000076ab00000,0x0000000772b00000)
  from space 10752K, 0% used [0x0000000773580000,0x0000000773580000,0x0000000774000000)
  to   space 10752K, 0% used [0x0000000772b00000,0x0000000772b00000,0x0000000773580000)
 ParOldGen       total 306176K, used 124367K [0x00000006c0000000, 0x00000006d2b00000, 0x000000076ab00000)
  object space 306176K, 40% used [0x00000006c0000000,0x00000006c7973da8,0x00000006d2b00000)
 Metaspace       used 5173K, capacity 5332K, committed 5504K, reserved 1056768K
  class space    used 550K, capacity 592K, committed 640K, reserved 1048576K
}
Event: 2.435 GC heap before
{Heap before GC invocations=4 (full 1):
 PSYoungGen      total 141824K, used 131072K [0x000000076ab00000, 0x0000000774000000, 0x00000007c0000000)
  eden space 131072K, 100% used [0x000000076ab00000,0x0000000772b00000,0x0000000772b00000)
  from space 10752K, 0% used [0x0000000773580000,0x0000000773580000,0x0000000774000000)
  to   space 10752K, 0% used [0x0000000772b00000,0x0000000772b00000,0x0000000773580000)
 ParOldGen       total 306176K, used 124367K [0x00000006c0000000, 0x00000006d2b00000, 0x000000076ab00000)
  object space 306176K, 40% used [0x00000006c0000000,0x00000006c7973da8,0x00000006d2b00000)
 Metaspace       used 5173K, capacity 5332K, committed 5504K, reserved 1056768K
  class space    used 550K, capacity 592K, committed 640K, reserved 1048576K
Event: 2.828 GC heap after
Heap after GC invocations=4 (full 1):
 PSYoungGen      total 141824K, used 10752K [0x000000076ab00000, 0x0000000777600000, 0x00000007c0000000)
  eden space 131072K, 0% used [0x000000076ab00000,0x000000076ab00000,0x0000000772b00000)
  from space 10752K, 100% used [0x0000000772b00000,0x0000000773580000,0x0000000773580000)
  to   space 10752K, 0% used [0x0000000776b80000,0x0000000776b80000,0x0000000777600000)
 ParOldGen       total 306176K, used 242282K [0x00000006c0000000, 0x00000006d2b00000, 0x000000076ab00000)
  object space 306176K, 79% used [0x00000006c0000000,0x00000006cec9aab8,0x00000006d2b00000)
 Metaspace       used 5173K, capacity 5332K, committed 5504K, reserved 1056768K
  class space    used 550K, capacity 592K, committed 640K, reserved 1048576K
}
Event: 2.828 GC heap before
{Heap before GC invocations=5 (full 2):
 PSYoungGen      total 141824K, used 10752K [0x000000076ab00000, 0x0000000777600000, 0x00000007c0000000)
  eden space 131072K, 0% used [0x000000076ab00000,0x000000076ab00000,0x0000000772b00000)
  from space 10752K, 100% used [0x0000000772b00000,0x0000000773580000,0x0000000773580000)
  to   space 10752K, 0% used [0x0000000776b80000,0x0000000776b80000,0x0000000777600000)
 ParOldGen       total 306176K, used 242282K [0x00000006c0000000, 0x00000006d2b00000, 0x000000076ab00000)
  object space 306176K, 79% used [0x00000006c0000000,0x00000006cec9aab8,0x00000006d2b00000)
 Metaspace       used 5173K, capacity 5332K, committed 5504K, reserved 1056768K
  class space    used 550K, capacity 592K, committed 640K, reserved 1048576K
Event: 4.358 GC heap after
Heap after GC invocations=5 (full 2):
 PSYoungGen      total 141824K, used 0K [0x000000076ab00000, 0x0000000777600000, 0x00000007c0000000)
  eden space 131072K, 0% used [0x000000076ab00000,0x000000076ab00000,0x0000000772b00000)
  from space 10752K, 0% used [0x0000000772b00000,0x0000000772b00000,0x0000000773580000)
  to   space 10752K, 0% used [0x0000000776b80000,0x0000000776b80000,0x0000000777600000)
 ParOldGen       total 570880K, used 252816K [0x00000006c0000000, 0x00000006e2d80000, 0x000000076ab00000)
  object space 570880K, 44% used [0x00000006c0000000,0x00000006cf6e4308,0x00000006e2d80000)
 Metaspace       used 5173K, capacity 5332K, committed 5504K, reserved 1056768K
  class space    used 550K, capacity 592K, committed 640K, reserved 1048576K
}

Deoptimization events (3 events):
Event: 0.384 Thread 0x00007fc49201f800 Uncommon trap: reason=unstable_if action=reinterpret pc=0x000000010b370540 method=VariationOne.generatePrimaryKey()Ljava/util/ArrayList; @ 25
Event: 0.386 Thread 0x00007fc49201f800 Uncommon trap: reason=unstable_if action=reinterpret pc=0x000000010b372734 method=java.lang.Integer.valueOf(I)Ljava/lang/Integer; @ 10
Event: 2.360 Thread 0x00007fc49201f800 Uncommon trap: reason=unstable_if action=reinterpret pc=0x000000010b37b78c method=VariationOne.generateColumn()Ljava/util/ArrayList; @ 55

Internal exceptions (8 events):
Event: 0.027 Thread 0x00007fc49201f800 Exception <a 'java/lang/NoSuchMethodError': Method sun.misc.Unsafe.defineClass(Ljava/lang/String;[BII)Ljava/lang/Class; name or signature does not match> (0x000000076ab07cc0) thrown at [/HUDSON3/workspace/8-2-build-macosx-x86_64/jdk8u101/7261/hotspot/src/
Event: 0.027 Thread 0x00007fc49201f800 Exception <a 'java/lang/NoSuchMethodError': Method sun.misc.Unsafe.prefetchRead(Ljava/lang/Object;J)V name or signature does not match> (0x000000076ab07fa8) thrown at [/HUDSON3/workspace/8-2-build-macosx-x86_64/jdk8u101/7261/hotspot/src/share/vm/prims/jni
Event: 0.125 Thread 0x00007fc49201f800 Exception <a 'java/security/PrivilegedActionException'> (0x000000076ac36a70) thrown at [/HUDSON3/workspace/8-2-build-macosx-x86_64/jdk8u101/7261/hotspot/src/share/vm/prims/jvm.cpp, line 1386]
Event: 0.125 Thread 0x00007fc49201f800 Exception <a 'java/security/PrivilegedActionException'> (0x000000076ac36e68) thrown at [/HUDSON3/workspace/8-2-build-macosx-x86_64/jdk8u101/7261/hotspot/src/share/vm/prims/jvm.cpp, line 1386]
Event: 0.125 Thread 0x00007fc49201f800 Exception <a 'java/security/PrivilegedActionException'> (0x000000076ac3a540) thrown at [/HUDSON3/workspace/8-2-build-macosx-x86_64/jdk8u101/7261/hotspot/src/share/vm/prims/jvm.cpp, line 1386]
Event: 0.125 Thread 0x00007fc49201f800 Exception <a 'java/security/PrivilegedActionException'> (0x000000076ac3a938) thrown at [/HUDSON3/workspace/8-2-build-macosx-x86_64/jdk8u101/7261/hotspot/src/share/vm/prims/jvm.cpp, line 1386]
Event: 4.465 Thread 0x00007fc49201f800 Exception <a 'java/lang/NoSuchFieldError': method resolution failed> (0x000000076e7ea3f0) thrown at [/HUDSON3/workspace/8-2-build-macosx-x86_64/jdk8u101/7261/hotspot/src/share/vm/prims/methodHandles.cpp, line 1146]
Event: 4.466 Thread 0x00007fc49201f800 Exception <a 'java/lang/NoSuchFieldError': method resolution failed> (0x000000076e7f7760) thrown at [/HUDSON3/workspace/8-2-build-macosx-x86_64/jdk8u101/7261/hotspot/src/share/vm/prims/methodHandles.cpp, line 1146]

Events (10 events):
Event: 728.942 Executing VM operation: ChangeBreakpoints
Event: 728.942 Executing VM operation: ChangeBreakpoints done
Event: 728.945 Executing VM operation: ChangeBreakpoints
Event: 728.945 Executing VM operation: ChangeBreakpoints done
Event: 856.204 Executing VM operation: ChangeBreakpoints
Event: 856.204 Executing VM operation: ChangeBreakpoints done
Event: 856.211 Executing VM operation: RedefineClasses
Event: 856.220 Executing VM operation: RedefineClasses done
Event: 856.221 Executing VM operation: GetOrSetLocal
Event: 856.221 Executing VM operation: GetOrSetLocal done


Dynamic libraries:
0x000000003096e000 	/System/Library/Frameworks/Cocoa.framework/Versions/A/Cocoa
0x000000003096e000 	/System/Library/Frameworks/Security.framework/Versions/A/Security
0x000000003096e000 	/System/Library/Frameworks/ApplicationServices.framework/Versions/A/ApplicationServices
0x000000003096e000 	/usr/lib/libz.1.dylib
0x000000003096e000 	/usr/lib/libSystem.B.dylib
0x000000003096e000 	/usr/lib/libobjc.A.dylib
0x000000003096e000 	/System/Library/Frameworks/CoreFoundation.framework/Versions/A/CoreFoundation
0x000000003096e000 	/System/Library/Frameworks/Foundation.framework/Versions/C/Foundation
0x000000003096e000 	/System/Library/Frameworks/AppKit.framework/Versions/C/AppKit
0x000000003096e000 	/System/Library/Frameworks/CoreData.framework/Versions/A/CoreData
0x000000003096e000 	/System/Library/PrivateFrameworks/RemoteViewServices.framework/Versions/A/RemoteViewServices
0x000000003096e000 	/System/Library/PrivateFrameworks/UIFoundation.framework/Versions/A/UIFoundation
0x000000003096e000 	/System/Library/PrivateFrameworks/DFRFoundation.framework/Versions/A/DFRFoundation
0x000000003096e000 	/usr/lib/libenergytrace.dylib
0x000000003096e000 	/System/Library/PrivateFrameworks/SkyLight.framework/Versions/A/SkyLight
0x000000003096e000 	/System/Library/Frameworks/CoreGraphics.framework/Versions/A/CoreGraphics
0x000000003096e000 	/usr/lib/libScreenReader.dylib
0x000000003096e000 	/System/Library/Frameworks/Accelerate.framework/Versions/A/Accelerate
0x000000003096e000 	/System/Library/Frameworks/IOSurface.framework/Versions/A/IOSurface
0x000000003096e000 	/System/Library/Frameworks/AudioToolbox.framework/Versions/A/AudioToolbox
0x000000003096e000 	/System/Library/Frameworks/AudioUnit.framework/Versions/A/AudioUnit
0x000000003096e000 	/System/Library/PrivateFrameworks/DataDetectorsCore.framework/Versions/A/DataDetectorsCore
0x000000003096e000 	/System/Library/PrivateFrameworks/DesktopServicesPriv.framework/Versions/A/DesktopServicesPriv
0x000000003096e000 	/System/Library/Frameworks/Carbon.framework/Versions/A/Frameworks/HIToolbox.framework/Versions/A/HIToolbox
0x000000003096e000 	/usr/lib/libicucore.A.dylib
0x000000003096e000 	/System/Library/Frameworks/QuartzCore.framework/Versions/A/QuartzCore
0x000000003096e000 	/System/Library/Frameworks/Carbon.framework/Versions/A/Frameworks/SpeechRecognition.framework/Versions/A/SpeechRecognition
0x000000003096e000 	/usr/lib/libauto.dylib
0x000000003096e000 	/usr/lib/libxml2.2.dylib
0x000000003096e000 	/System/Library/PrivateFrameworks/CoreUI.framework/Versions/A/CoreUI
0x000000003096e000 	/System/Library/Frameworks/CoreAudio.framework/Versions/A/CoreAudio
0x000000003096e000 	/System/Library/Frameworks/DiskArbitration.framework/Versions/A/DiskArbitration
0x000000003096e000 	/usr/lib/liblangid.dylib
0x000000003096e000 	/System/Library/PrivateFrameworks/MultitouchSupport.framework/Versions/A/MultitouchSupport
0x000000003096e000 	/System/Library/Frameworks/IOKit.framework/Versions/A/IOKit
0x000000003096e000 	/usr/lib/libDiagnosticMessagesClient.dylib
0x000000003096e000 	/System/Library/Frameworks/CoreServices.framework/Versions/A/CoreServices
0x000000003096e000 	/System/Library/PrivateFrameworks/PerformanceAnalysis.framework/Versions/A/PerformanceAnalysis
0x000000003096e000 	/System/Library/PrivateFrameworks/GenerationalStorage.framework/Versions/A/GenerationalStorage
0x000000003096e000 	/System/Library/Frameworks/OpenGL.framework/Versions/A/OpenGL
0x000000003096e000 	/System/Library/Frameworks/CoreImage.framework/Versions/A/CoreImage
0x000000003096e000 	/System/Library/Frameworks/CoreText.framework/Versions/A/CoreText
0x000000003096e000 	/System/Library/Frameworks/ImageIO.framework/Versions/A/ImageIO
0x000000003096e000 	/System/Library/PrivateFrameworks/Backup.framework/Versions/A/Backup
0x000000003096e000 	/usr/lib/libarchive.2.dylib
0x000000003096e000 	/System/Library/Frameworks/CFNetwork.framework/Versions/A/CFNetwork
0x000000003096e000 	/System/Library/Frameworks/SystemConfiguration.framework/Versions/A/SystemConfiguration
0x000000003096e000 	/usr/lib/libCRFSuite.dylib
0x000000003096e000 	/usr/lib/libc++.1.dylib
0x000000003096e000 	/usr/lib/libc++abi.dylib
0x000000003096e000 	/usr/lib/system/libcache.dylib
0x000000003096e000 	/usr/lib/system/libcommonCrypto.dylib
0x000000003096e000 	/usr/lib/system/libcompiler_rt.dylib
0x000000003096e000 	/usr/lib/system/libcopyfile.dylib
0x000000003096e000 	/usr/lib/system/libcorecrypto.dylib
0x000000003096e000 	/usr/lib/system/libdispatch.dylib
0x000000003096e000 	/usr/lib/system/libdyld.dylib
0x000000003096e000 	/usr/lib/system/libkeymgr.dylib
0x000000003096e000 	/usr/lib/system/liblaunch.dylib
0x000000003096e000 	/usr/lib/system/libmacho.dylib
0x000000003096e000 	/usr/lib/system/libquarantine.dylib
0x000000003096e000 	/usr/lib/system/libremovefile.dylib
0x000000003096e000 	/usr/lib/system/libsystem_asl.dylib
0x000000003096e000 	/usr/lib/system/libsystem_blocks.dylib
0x000000003096e000 	/usr/lib/system/libsystem_c.dylib
0x000000003096e000 	/usr/lib/system/libsystem_configuration.dylib
0x000000003096e000 	/usr/lib/system/libsystem_coreservices.dylib
0x000000003096e000 	/usr/lib/system/libsystem_coretls.dylib
0x000000003096e000 	/usr/lib/system/libsystem_dnssd.dylib
0x000000003096e000 	/usr/lib/system/libsystem_info.dylib
0x000000003096e000 	/usr/lib/system/libsystem_kernel.dylib
0x000000003096e000 	/usr/lib/system/libsystem_m.dylib
0x000000003096e000 	/usr/lib/system/libsystem_malloc.dylib
0x000000003096e000 	/usr/lib/system/libsystem_network.dylib
0x000000003096e000 	/usr/lib/system/libsystem_networkextension.dylib
0x000000003096e000 	/usr/lib/system/libsystem_notify.dylib
0x000000003096e000 	/usr/lib/system/libsystem_platform.dylib
0x000000003096e000 	/usr/lib/system/libsystem_pthread.dylib
0x000000003096e000 	/usr/lib/system/libsystem_sandbox.dylib
0x000000003096e000 	/usr/lib/system/libsystem_secinit.dylib
0x000000003096e000 	/usr/lib/system/libsystem_symptoms.dylib
0x000000003096e000 	/usr/lib/system/libsystem_trace.dylib
0x000000003096e000 	/usr/lib/system/libunwind.dylib
0x000000003096e000 	/usr/lib/system/libxpc.dylib
0x000000003096e000 	/usr/lib/libbsm.0.dylib
0x000000003096e000 	/usr/lib/system/libkxld.dylib
0x000000003096e000 	/usr/lib/libcoretls.dylib
0x000000003096e000 	/usr/lib/libcoretls_cfhelpers.dylib
0x000000003096e000 	/usr/lib/libxar.1.dylib
0x000000003096e000 	/usr/lib/libsqlite3.dylib
0x000000003096e000 	/usr/lib/libpam.2.dylib
0x000000003096e000 	/usr/lib/libOpenScriptingUtil.dylib
0x000000003096e000 	/usr/lib/libbz2.1.0.dylib
0x000000003096e000 	/usr/lib/liblzma.5.dylib
0x000000003096e000 	/usr/lib/libnetwork.dylib
0x000000003096e000 	/usr/lib/libpcap.A.dylib
0x000000003096e000 	/System/Library/Frameworks/CoreServices.framework/Versions/A/Frameworks/FSEvents.framework/Versions/A/FSEvents
0x000000003096e000 	/System/Library/Frameworks/CoreServices.framework/Versions/A/Frameworks/CarbonCore.framework/Versions/A/CarbonCore
0x000000003096e000 	/System/Library/Frameworks/CoreServices.framework/Versions/A/Frameworks/Metadata.framework/Versions/A/Metadata
0x000000003096e000 	/System/Library/Frameworks/CoreServices.framework/Versions/A/Frameworks/OSServices.framework/Versions/A/OSServices
0x000000003096e000 	/System/Library/Frameworks/CoreServices.framework/Versions/A/Frameworks/SearchKit.framework/Versions/A/SearchKit
0x000000003096e000 	/System/Library/Frameworks/CoreServices.framework/Versions/A/Frameworks/AE.framework/Versions/A/AE
0x000000003096e000 	/System/Library/Frameworks/CoreServices.framework/Versions/A/Frameworks/LaunchServices.framework/Versions/A/LaunchServices
0x000000003096e000 	/System/Library/Frameworks/CoreServices.framework/Versions/A/Frameworks/DictionaryServices.framework/Versions/A/DictionaryServices
0x000000003096e000 	/System/Library/Frameworks/CoreServices.framework/Versions/A/Frameworks/SharedFileList.framework/Versions/A/SharedFileList
0x000000003096e000 	/System/Library/Frameworks/NetFS.framework/Versions/A/NetFS
0x000000003096e000 	/System/Library/PrivateFrameworks/NetAuth.framework/Versions/A/NetAuth
0x000000003096e000 	/System/Library/PrivateFrameworks/login.framework/Versions/A/Frameworks/loginsupport.framework/Versions/A/loginsupport
0x000000003096e000 	/System/Library/PrivateFrameworks/TCC.framework/Versions/A/TCC
0x000000003096e000 	/usr/lib/libmecabra.dylib
0x000000003096e000 	/System/Library/Frameworks/ApplicationServices.framework/Versions/A/Frameworks/ATS.framework/Versions/A/ATS
0x000000003096e000 	/System/Library/Frameworks/ApplicationServices.framework/Versions/A/Frameworks/ColorSync.framework/Versions/A/ColorSync
0x000000003096e000 	/System/Library/Frameworks/ApplicationServices.framework/Versions/A/Frameworks/HIServices.framework/Versions/A/HIServices
0x000000003096e000 	/System/Library/Frameworks/ApplicationServices.framework/Versions/A/Frameworks/LangAnalysis.framework/Versions/A/LangAnalysis
0x000000003096e000 	/System/Library/Frameworks/ApplicationServices.framework/Versions/A/Frameworks/PrintCore.framework/Versions/A/PrintCore
0x000000003096e000 	/System/Library/Frameworks/ApplicationServices.framework/Versions/A/Frameworks/QD.framework/Versions/A/QD
0x000000003096e000 	/System/Library/Frameworks/ApplicationServices.framework/Versions/A/Frameworks/SpeechSynthesis.framework/Versions/A/SpeechSynthesis
0x000000003096e000 	/System/Library/Frameworks/Accelerate.framework/Versions/A/Frameworks/vImage.framework/Versions/A/vImage
0x000000003096e000 	/System/Library/Frameworks/Accelerate.framework/Versions/A/Frameworks/vecLib.framework/Versions/A/vecLib
0x000000003096e000 	/System/Library/Frameworks/Accelerate.framework/Versions/A/Frameworks/vecLib.framework/Versions/A/libvDSP.dylib
0x000000003096e000 	/System/Library/Frameworks/Accelerate.framework/Versions/A/Frameworks/vecLib.framework/Versions/A/libBNNS.dylib
0x000000003096e000 	/System/Library/Frameworks/Accelerate.framework/Versions/A/Frameworks/vecLib.framework/Versions/A/libQuadrature.dylib
0x000000003096e000 	/System/Library/Frameworks/Accelerate.framework/Versions/A/Frameworks/vecLib.framework/Versions/A/libvMisc.dylib
0x000000003096e000 	/System/Library/Frameworks/Accelerate.framework/Versions/A/Frameworks/vecLib.framework/Versions/A/libLAPACK.dylib
0x000000003096e000 	/System/Library/Frameworks/Accelerate.framework/Versions/A/Frameworks/vecLib.framework/Versions/A/libBLAS.dylib
0x000000003096e000 	/System/Library/Frameworks/Accelerate.framework/Versions/A/Frameworks/vecLib.framework/Versions/A/libLinearAlgebra.dylib
0x000000003096e000 	/System/Library/Frameworks/Accelerate.framework/Versions/A/Frameworks/vecLib.framework/Versions/A/libSparseBLAS.dylib
0x000000003096e000 	/System/Library/Frameworks/ApplicationServices.framework/Versions/A/Frameworks/ATS.framework/Versions/A/Resources/libFontParser.dylib
0x000000003096e000 	/System/Library/Frameworks/ApplicationServices.framework/Versions/A/Frameworks/ATS.framework/Versions/A/Resources/libFontRegistry.dylib
0x000000003096e000 	/System/Library/Frameworks/ImageIO.framework/Versions/A/Resources/libJPEG.dylib
0x000000003096e000 	/System/Library/Frameworks/ImageIO.framework/Versions/A/Resources/libTIFF.dylib
0x000000003096e000 	/System/Library/Frameworks/ImageIO.framework/Versions/A/Resources/libPng.dylib
0x000000003096e000 	/System/Library/Frameworks/ImageIO.framework/Versions/A/Resources/libGIF.dylib
0x000000003096e000 	/System/Library/Frameworks/ImageIO.framework/Versions/A/Resources/libJP2.dylib
0x000000003096e000 	/System/Library/Frameworks/ImageIO.framework/Versions/A/Resources/libRadiance.dylib
0x000000003096e000 	/usr/lib/libcompression.dylib
0x000000003096e000 	/System/Library/PrivateFrameworks/AppleJPEG.framework/Versions/A/AppleJPEG
0x000000003096e000 	/usr/lib/libcups.2.dylib
0x000000003096e000 	/System/Library/Frameworks/Kerberos.framework/Versions/A/Kerberos
0x000000003096e000 	/System/Library/Frameworks/GSS.framework/Versions/A/GSS
0x000000003096e000 	/usr/lib/libresolv.9.dylib
0x000000003096e000 	/usr/lib/libiconv.2.dylib
0x000000003096e000 	/System/Library/PrivateFrameworks/Heimdal.framework/Versions/A/Heimdal
0x000000003096e000 	/usr/lib/libheimdal-asn1.dylib
0x000000003096e000 	/System/Library/Frameworks/OpenDirectory.framework/Versions/A/OpenDirectory
0x000000003096e000 	/System/Library/PrivateFrameworks/CommonAuth.framework/Versions/A/CommonAuth
0x000000003096e000 	/System/Library/Frameworks/OpenDirectory.framework/Versions/A/Frameworks/CFOpenDirectory.framework/Versions/A/CFOpenDirectory
0x000000003096e000 	/System/Library/Frameworks/SecurityFoundation.framework/Versions/A/SecurityFoundation
0x000000003096e000 	/System/Library/PrivateFrameworks/LanguageModeling.framework/Versions/A/LanguageModeling
0x000000003096e000 	/usr/lib/libmarisa.dylib
0x000000003096e000 	/usr/lib/libChineseTokenizer.dylib
0x000000003096e000 	/usr/lib/libcmph.dylib
0x000000003096e000 	/System/Library/PrivateFrameworks/CoreEmoji.framework/Versions/A/CoreEmoji
0x000000003096e000 	/System/Library/Frameworks/ServiceManagement.framework/Versions/A/ServiceManagement
0x000000003096e000 	/usr/lib/libxslt.1.dylib
0x000000003096e000 	/System/Library/Frameworks/Carbon.framework/Versions/A/Frameworks/Ink.framework/Versions/A/Ink
0x000000003096e000 	/System/Library/PrivateFrameworks/TextureIO.framework/Versions/A/TextureIO
0x000000003096e000 	/System/Library/Frameworks/Metal.framework/Versions/A/Metal
0x000000003096e000 	/usr/lib/libate.dylib
0x000000003096e000 	/System/Library/PrivateFrameworks/GPUCompiler.framework/libmetal_timestamp.dylib
0x000000003096e000 	/System/Library/Frameworks/OpenGL.framework/Versions/A/Libraries/libCoreFSCache.dylib
0x000000003096e000 	/System/Library/PrivateFrameworks/IOAccelerator.framework/Versions/A/IOAccelerator
0x000000003096e000 	/System/Library/Frameworks/CoreVideo.framework/Versions/A/CoreVideo
0x000000003096e000 	/usr/lib/libFosl_dynamic.dylib
0x000000003096e000 	/System/Library/PrivateFrameworks/MetalPerformanceShaders.framework/Versions/A/MetalPerformanceShaders
0x000000003096e000 	/System/Library/PrivateFrameworks/FaceCore.framework/Versions/A/FaceCore
0x000000003096e000 	/System/Library/Frameworks/OpenCL.framework/Versions/A/OpenCL
0x000000003096e000 	/System/Library/Frameworks/OpenGL.framework/Versions/A/Libraries/libGLU.dylib
0x000000003096e000 	/System/Library/Frameworks/OpenGL.framework/Versions/A/Libraries/libGFXShared.dylib
0x000000003096e000 	/System/Library/Frameworks/OpenGL.framework/Versions/A/Libraries/libGL.dylib
0x000000003096e000 	/System/Library/Frameworks/OpenGL.framework/Versions/A/Libraries/libGLImage.dylib
0x000000003096e000 	/System/Library/Frameworks/OpenGL.framework/Versions/A/Libraries/libCVMSPluginSupport.dylib
0x000000003096e000 	/System/Library/Frameworks/OpenGL.framework/Versions/A/Libraries/libCoreVMClient.dylib
0x000000003096e000 	/System/Library/PrivateFrameworks/CrashReporterSupport.framework/Versions/A/CrashReporterSupport
0x000000003096e000 	/System/Library/PrivateFrameworks/Sharing.framework/Versions/A/Sharing
0x000000003096e000 	/System/Library/PrivateFrameworks/IconServices.framework/Versions/A/IconServices
0x000000003096e000 	/System/Library/PrivateFrameworks/ProtocolBuffer.framework/Versions/A/ProtocolBuffer
0x000000003096e000 	/System/Library/PrivateFrameworks/Apple80211.framework/Versions/A/Apple80211
0x000000003096e000 	/System/Library/Frameworks/CoreWLAN.framework/Versions/A/CoreWLAN
0x000000003096e000 	/System/Library/PrivateFrameworks/CoreUtils.framework/Versions/A/CoreUtils
0x000000003096e000 	/System/Library/Frameworks/IOBluetooth.framework/Versions/A/IOBluetooth
0x000000003096e000 	/System/Library/PrivateFrameworks/CoreWiFi.framework/Versions/A/CoreWiFi
0x000000003096e000 	/System/Library/Frameworks/CoreBluetooth.framework/Versions/A/CoreBluetooth
0x000000003096e000 	/System/Library/Frameworks/CoreDisplay.framework/Versions/A/CoreDisplay
0x000000003096e000 	/System/Library/PrivateFrameworks/IOPresentment.framework/Versions/A/IOPresentment
0x000000003096e000 	/System/Library/PrivateFrameworks/DebugSymbols.framework/Versions/A/DebugSymbols
0x000000003096e000 	/System/Library/PrivateFrameworks/CoreSymbolication.framework/Versions/A/CoreSymbolication
0x000000003096e000 	/System/Library/PrivateFrameworks/Symbolication.framework/Versions/A/Symbolication
0x000000003096e000 	/System/Library/PrivateFrameworks/AppleFSCompression.framework/Versions/A/AppleFSCompression
0x000000003096e000 	/System/Library/PrivateFrameworks/SpeechRecognitionCore.framework/Versions/A/SpeechRecognitionCore
0x000000003096e000 	/System/Library/PrivateFrameworks/ChunkingLibrary.framework/Versions/A/ChunkingLibrary
0x0000000106000000 	/Library/Java/JavaVirtualMachines/jdk1.8.0_101.jdk/Contents/Home/jre/lib/server/libjvm.dylib
0x000000003096e000 	/usr/lib/libstdc++.6.dylib
0x0000000104f1e000 	/Library/Java/JavaVirtualMachines/jdk1.8.0_101.jdk/Contents/Home/jre/lib/libverify.dylib
0x0000000104f2c000 	/Library/Java/JavaVirtualMachines/jdk1.8.0_101.jdk/Contents/Home/jre/lib/libjava.dylib
0x0000000104f62000 	/Library/Java/JavaVirtualMachines/jdk1.8.0_101.jdk/Contents/Home/jre/lib/libjdwp.dylib
0x0000000104fad000 	/Library/Java/JavaVirtualMachines/jdk1.8.0_101.jdk/Contents/Home/jre/lib/libnpt.dylib
0x0000000104fba000 	/Library/Java/JavaVirtualMachines/jdk1.8.0_101.jdk/Contents/Home/jre/lib/libzip.dylib
0x000000010b02b000 	/System/Library/Frameworks/JavaVM.framework/Frameworks/JavaRuntimeSupport.framework/JavaRuntimeSupport
0x000000010b045000 	/System/Library/Frameworks/JavaVM.framework/Versions/A/Frameworks/JavaNativeFoundation.framework/Versions/A/JavaNativeFoundation
0x0000000104fec000 	/System/Library/Frameworks/JavaVM.framework/Versions/A/JavaVM
0x000000003096e000 	/System/Library/Frameworks/Carbon.framework/Versions/A/Carbon
0x000000010b05a000 	/System/Library/PrivateFrameworks/JavaLaunching.framework/Versions/A/JavaLaunching
0x000000003096e000 	/System/Library/Frameworks/Carbon.framework/Versions/A/Frameworks/CommonPanels.framework/Versions/A/CommonPanels
0x000000003096e000 	/System/Library/Frameworks/Carbon.framework/Versions/A/Frameworks/Help.framework/Versions/A/Help
0x000000003096e000 	/System/Library/Frameworks/Carbon.framework/Versions/A/Frameworks/ImageCapture.framework/Versions/A/ImageCapture
0x000000003096e000 	/System/Library/Frameworks/Carbon.framework/Versions/A/Frameworks/OpenScripting.framework/Versions/A/OpenScripting
0x000000003096e000 	/System/Library/Frameworks/Carbon.framework/Versions/A/Frameworks/Print.framework/Versions/A/Print
0x000000003096e000 	/System/Library/Frameworks/Carbon.framework/Versions/A/Frameworks/SecurityHI.framework/Versions/A/SecurityHI
0x000000010b0aa000 	/Library/Java/JavaVirtualMachines/jdk1.8.0_101.jdk/Contents/Home/jre/lib/libdt_socket.dylib
0x0000000123b18000 	/Library/Java/JavaVirtualMachines/jdk1.8.0_101.jdk/Contents/Home/jre/lib/libnet.dylib

VM Arguments:
jvm_args: -agentlib:jdwp=transport=dt_socket,address=127.0.0.1:52389,suspend=y,server=n -Dfile.encoding=UTF-8 
java_command: LabOne
java_class_path (initial): /Library/Java/JavaVirtualMachines/jdk1.8.0_101.jdk/Contents/Home/jre/lib/charsets.jar:/Library/Java/JavaVirtualMachines/jdk1.8.0_101.jdk/Contents/Home/jre/lib/deploy.jar:/Library/Java/JavaVirtualMachines/jdk1.8.0_101.jdk/Contents/Home/jre/lib/ext/cldrdata.jar:/Library/Java/JavaVirtualMachines/jdk1.8.0_101.jdk/Contents/Home/jre/lib/ext/dnsns.jar:/Library/Java/JavaVirtualMachines/jdk1.8.0_101.jdk/Contents/Home/jre/lib/ext/jaccess.jar:/Library/Java/JavaVirtualMachines/jdk1.8.0_101.jdk/Contents/Home/jre/lib/ext/jfxrt.jar:/Library/Java/JavaVirtualMachines/jdk1.8.0_101.jdk/Contents/Home/jre/lib/ext/localedata.jar:/Library/Java/JavaVirtualMachines/jdk1.8.0_101.jdk/Contents/Home/jre/lib/ext/nashorn.jar:/Library/Java/JavaVirtualMachines/jdk1.8.0_101.jdk/Contents/Home/jre/lib/ext/sunec.jar:/Library/Java/JavaVirtualMachines/jdk1.8.0_101.jdk/Contents/Home/jre/lib/ext/sunjce_provider.jar:/Library/Java/JavaVirtualMachines/jdk1.8.0_101.jdk/Contents/Home/jre/lib/ext/sunpkcs11.jar:/Library/Java/JavaVirtualMachines/jdk1.8.0_101.jdk/Contents/Home/jre/lib/ext/zipfs.jar:/Library/Java/JavaVirtualMachines/jdk1.8.0_101.jdk/Contents/Home/jre/lib/javaws.jar:/Library/Java/JavaVirtualMachines/jdk1.8.0_101.jdk/Contents/Home/jre/lib/jce.jar:/Library/Java/JavaVirtualMachines/jdk1.8.0_101.jdk/Contents/Home/jre/lib/jfr.jar:/Library/Java/JavaVirtualMachines/jdk1.8.0_101.jdk/Contents/Home/jre/lib/jfxswt.jar:/Library/Java/JavaVirtualMachines/jdk1.8.0_101.jdk/Contents/Home/jre/lib/jsse.jar:/Library/Java/JavaVirtualMachines/jdk1.8.0_101.jdk/Contents/Home/jre/lib/management-agent.jar:/Library/Java/JavaVirtualMachines/jdk1.8.0_101.jdk/Contents/Home/jre/lib/plugin.jar:/Library/Java/JavaVirtualMachines/jdk1.8.0_101.jdk/Contents/Home/jre/lib/resources.jar:/Library/Java/JavaVirtualMachines/jdk1.8.0_101.jdk/Contents/Home/jre/lib/rt.jar:/Library/Java/JavaVirtualMachines/jdk1.8.0_101.jdk/Contents/Home/lib/ant-javafx.jar:/Library/Java/JavaVirtualMachines/jdk1.8.0_101.jdk/Contents/Home
Launcher Type: SUN_STANDARD

Environment Variables:
JAVA_HOME=/Library/Java/JavaVirtualMachines/jdk1.8.0_101.jdk/Contents/Home
PATH=/usr/local/opt/go/libexec/bin:/Users/howie/my-projects/bin:/usr/local/Cellar/node/7.1.0/bin:/Users/howie/Library/Python/2.7/bin:/Users/howie/bin:/usr/local/bin:/Users/howie/Library/Python/2.7/bin:/usr/local/bin:/usr/local/sbin:/Applications/Postgres.app/Contents/Versions/latest/bin:/usr/local/share/python:/usr/local/bin:/usr/bin:/bin:/usr/sbin:/sbin:/usr/local/MacGPG2/bin:/Library/TeX/texbin
SHELL=/bin/bash

Signal Handlers:
SIGSEGV: [libjvm.dylib+0x5af145], sa_mask[0]=11111111011111110111111111111111, sa_flags=SA_ONSTACK|SA_RESTART|SA_SIGINFO
SIGBUS: [libjvm.dylib+0x5af145], sa_mask[0]=11111111011111110111111111111111, sa_flags=SA_RESTART|SA_SIGINFO
SIGFPE: [libjvm.dylib+0x48694c], sa_mask[0]=11111111011111110111111111111111, sa_flags=SA_RESTART|SA_SIGINFO
SIGPIPE: [libjvm.dylib+0x48694c], sa_mask[0]=11111111011111110111111111111111, sa_flags=SA_RESTART|SA_SIGINFO
SIGXFSZ: [libjvm.dylib+0x48694c], sa_mask[0]=11111111011111110111111111111111, sa_flags=SA_RESTART|SA_SIGINFO
SIGILL: [libjvm.dylib+0x48694c], sa_mask[0]=11111111011111110111111111111111, sa_flags=SA_RESTART|SA_SIGINFO
SIGUSR1: SIG_DFL, sa_mask[0]=00000000000000000000000000000000, sa_flags=none
SIGUSR2: [libjvm.dylib+0x48646a], sa_mask[0]=00100000000000000000000000000000, sa_flags=SA_RESTART|SA_SIGINFO
SIGHUP: [libjvm.dylib+0x484a41], sa_mask[0]=11111111011111110111111111111111, sa_flags=SA_RESTART|SA_SIGINFO
SIGINT: [libjvm.dylib+0x484a41], sa_mask[0]=11111111011111110111111111111111, sa_flags=SA_RESTART|SA_SIGINFO
SIGTERM: [libjvm.dylib+0x484a41], sa_mask[0]=11111111011111110111111111111111, sa_flags=SA_RESTART|SA_SIGINFO
SIGQUIT: [libjvm.dylib+0x484a41], sa_mask[0]=11111111011111110111111111111111, sa_flags=SA_RESTART|SA_SIGINFO


---------------  S Y S T E M  ---------------

OS:Bsduname:Darwin 16.4.0 Darwin Kernel Version 16.4.0: Thu Dec 22 22:53:21 PST 2016; root:xnu-3789.41.3~3/RELEASE_X86_64 x86_64
rlimit: STACK 8192k, CORE 0k, NPROC 709, NOFILE 10240, AS infinity
load average:2.32 2.26 2.39

CPU:total 8 (4 cores per cpu, 2 threads per core) family 6 model 70 stepping 1, cmov, cx8, fxsr, mmx, sse, sse2, sse3, ssse3, sse4.1, sse4.2, popcnt, avx, avx2, aes, clmul, erms, lzcnt, ht, tsc, tscinvbit, bmi1, bmi2

Memory: 4k page, physical 16777216k(311268k free)

/proc/meminfo:


vm_info: Java HotSpot(TM) 64-Bit Server VM (25.101-b13) for bsd-amd64 JRE (1.8.0_101-b13), built on Jun 22 2016 02:42:15 by "java_re" with gcc 4.2.1 (Based on Apple Inc. build 5658) (LLVM build 2336.11.00)

time: Thu Feb 23 00:05:18 2017
elapsed time: 856 seconds (0d 0h 14m 16s)

